2026-02-11T08:57:26.893Z - HEAD /
2026-02-11T08:57:26.900Z - GET /
2026-02-11T08:58:11.699Z - POST /api/auth/check-email
2026-02-11T08:58:15.974Z - POST /api/auth/login
2026-02-11T08:58:16.191Z - GET /api/admin/stats
2026-02-11T08:58:17.496Z - GET /api/admin/stats
2026-02-11T08:58:17.765Z - GET /api/drives/admin/all
2026-02-11T08:59:28.125Z - POST /api/drives/create
2026-02-11T08:59:32.499Z - GET /api/drives/admin/all
2026-02-11T09:04:37.971Z - GET /api/admin/stats
2026-02-11T09:05:07.684Z - GET /api/drives/admin/all
2026-02-11T09:05:14.576Z - GET /api/drives/698c44f0e03f05cc07a9fb2b/applicants
2026-02-11T09:05:27.555Z - PATCH /api/drives/698c44f0e03f05cc07a9fb2b/status
2026-02-11T09:05:28.051Z - GET /api/drives/admin/all
2026-02-11T09:05:28.778Z - PATCH /api/drives/698c44f0e03f05cc07a9fb2b/status
2026-02-11T09:05:29.250Z - GET /api/drives/admin/all
2026-02-11T09:05:31.463Z - PATCH /api/drives/698c44f0e03f05cc07a9fb2b/status
2026-02-11T09:05:33.239Z - PATCH /api/drives/698c44f0e03f05cc07a9fb2b/status
2026-02-11T09:05:34.212Z - PATCH /api/drives/698c44f0e03f05cc07a9fb2b/status
2026-02-11T09:05:34.451Z - GET /api/drives/admin/all
2026-02-11T09:05:34.737Z - PATCH /api/drives/698c44f0e03f05cc07a9fb2b/status
2026-02-11T09:05:34.859Z - GET /api/drives/admin/all
2026-02-11T09:05:35.386Z - PATCH /api/drives/698c44f0e03f05cc07a9fb2b/status
2026-02-11T09:05:35.607Z - PATCH /api/drives/698c44f0e03f05cc07a9fb2b/status
2026-02-11T09:05:37.617Z - GET /api/drives/admin/all
2026-02-11T09:05:37.829Z - PATCH /api/drives/698c44f0e03f05cc07a9fb2b/status
2026-02-11T09:05:37.885Z - GET /api/drives/admin/all
2026-02-11T09:05:38.155Z - GET /api/drives/admin/all
2026-02-11T09:05:38.385Z - GET /api/drives/admin/all
2026-02-11T09:05:38.792Z - GET /api/drives/admin/all
2026-02-11T09:06:08.003Z - GET /api/admin/access-requests
2026-02-11T09:06:13.563Z - GET /api/admin/whitelist
2026-02-11T09:06:20.569Z - GET /api/admin/access-requests
2026-02-11T09:06:22.845Z - GET /api/users
2026-02-11T09:06:23.230Z - GET /api/users
2026-02-11T09:06:34.754Z - GET /api/admin/stats
2026-02-11T09:06:36.423Z - GET /api/admin/stats
2026-02-11T09:06:47.971Z - GET /api/drives/admin/all
2026-02-11T09:08:47.441Z - GET /api/drives/698c44f0e03f05cc07a9fb2b/applicants
2026-02-11T09:09:12.483Z - POST /api/auth/check-email
2026-02-11T09:09:26.711Z - POST /api/auth/setup-password
2026-02-11T09:09:27.452Z - GET /api/reputation/698c4747e03f05cc07a9fb8c
2026-02-11T09:09:27.459Z - GET /api/records/my
2026-02-11T09:09:27.464Z - GET /api/drives/student/eligible
2026-02-11T09:09:27.739Z - GET /api/records/my
2026-02-11T09:09:27.744Z - GET /api/reputation/698c4747e03f05cc07a9fb8c
2026-02-11T09:09:27.958Z - GET /api/drives/student/eligible
2026-02-11T09:10:00.368Z - POST /api/records/upload
2026-02-11T09:10:02.703Z - GET /api/records/my
2026-02-11T09:10:02.972Z - GET /api/records/my
2026-02-11T09:10:26.195Z - POST /api/records/upload
2026-02-11T09:10:28.532Z - GET /api/records/my
2026-02-11T09:10:28.791Z - GET /api/records/my
2026-02-11T09:10:53.784Z - POST /api/records/upload
2026-02-11T09:10:56.111Z - GET /api/records/my
2026-02-11T09:10:56.461Z - GET /api/records/my
2026-02-11T09:11:20.697Z - POST /api/records/upload
2026-02-11T09:11:23.050Z - GET /api/records/my
2026-02-11T09:11:23.417Z - GET /api/records/my
2026-02-11T09:11:28.930Z - GET /api/records/my
2026-02-11T09:11:29.237Z - GET /api/records/my
2026-02-11T09:11:47.102Z - POST /api/auth/check-email
2026-02-11T09:11:50.761Z - POST /api/auth/login
2026-02-11T09:11:51.478Z - GET /api/records/pending
2026-02-11T09:11:51.847Z - GET /api/records/pending
2026-02-11T09:11:51.853Z - GET /api/records/history
2026-02-11T09:11:52.238Z - GET /api/records/history
2026-02-11T09:11:57.482Z - GET /api/records/pending
2026-02-11T09:11:57.933Z - GET /api/records/pending
2026-02-11T09:11:59.534Z - GET /api/records/698c4768e03f05cc07a9fb9f
2026-02-11T09:12:00.107Z - GET /api/records/698c4768e03f05cc07a9fb9f
2026-02-11T09:12:00.121Z - GET /api/records/file/698c4768e03f05cc07a9fb9f
2026-02-11T09:12:10.370Z - GET /api/records/pending
2026-02-11T09:12:10.616Z - GET /api/records/pending
2026-02-11T09:12:16.789Z - GET /api/records/698c4768e03f05cc07a9fb9f
2026-02-11T09:12:17.550Z - GET /api/records/698c4768e03f05cc07a9fb9f
2026-02-11T09:12:17.563Z - GET /api/records/file/698c4768e03f05cc07a9fb9f
2026-02-11T09:15:51.970Z - GET /api/records/698c4768e03f05cc07a9fb9f
2026-02-11T09:15:52.313Z - GET /api/records/file/698c4768e03f05cc07a9fb9f
2026-02-11T09:17:52.492Z - GET /api/records/pending
2026-02-11T09:17:52.821Z - GET /api/records/pending
2026-02-11T09:17:55.320Z - GET /api/records/698c4768e03f05cc07a9fb9f
2026-02-11T09:17:55.605Z - GET /api/records/698c4768e03f05cc07a9fb9f
2026-02-11T09:17:55.613Z - GET /api/records/file/698c4768e03f05cc07a9fb9f
2026-02-11T09:17:56.012Z - GET /api/records/file/698c4768e03f05cc07a9fb9f
2026-02-11T09:19:11.012Z - GET /api/records/pending
2026-02-11T09:19:11.457Z - GET /api/records/pending
2026-02-11T09:19:14.062Z - GET /api/records/698c4782e03f05cc07a9fba6
2026-02-11T09:19:14.395Z - GET /api/records/698c4782e03f05cc07a9fba6
2026-02-11T09:19:14.405Z - GET /api/records/file/698c4782e03f05cc07a9fba6
2026-02-11T09:19:14.790Z - GET /api/records/file/698c4782e03f05cc07a9fba6
2026-02-11T09:19:50.105Z - POST /api/records/verify/698c4782e03f05cc07a9fba6
2026-02-11T09:19:53.131Z - GET /api/records/pending
2026-02-11T09:19:54.097Z - GET /api/records/pending
2026-02-11T09:19:57.311Z - GET /api/records/698c4768e03f05cc07a9fb9f
2026-02-11T09:19:58.520Z - GET /api/records/698c4768e03f05cc07a9fb9f
2026-02-11T09:19:58.527Z - GET /api/records/file/698c4768e03f05cc07a9fb9f
2026-02-11T09:19:59.287Z - GET /api/records/file/698c4768e03f05cc07a9fb9f
2026-02-11T09:20:07.141Z - POST /api/records/verify/698c4768e03f05cc07a9fb9f
2026-02-11T09:20:09.660Z - GET /api/records/pending
2026-02-11T09:20:10.070Z - GET /api/records/pending
2026-02-11T09:20:12.357Z - GET /api/records/698c479de03f05cc07a9fbad
2026-02-11T09:20:12.808Z - GET /api/records/698c479de03f05cc07a9fbad
2026-02-11T09:20:12.816Z - GET /api/records/file/698c479de03f05cc07a9fbad
2026-02-11T09:20:13.585Z - GET /api/records/file/698c479de03f05cc07a9fbad
2026-02-11T09:20:18.914Z - POST /api/records/verify/698c479de03f05cc07a9fbad
2026-02-11T09:20:21.578Z - GET /api/records/pending
2026-02-11T09:20:22.017Z - GET /api/records/pending
2026-02-11T09:20:24.506Z - GET /api/records/698c47b8e03f05cc07a9fbb4
2026-02-11T09:20:25.135Z - GET /api/records/698c47b8e03f05cc07a9fbb4
2026-02-11T09:20:25.145Z - GET /api/records/file/698c47b8e03f05cc07a9fbb4
2026-02-11T09:20:25.610Z - GET /api/records/file/698c47b8e03f05cc07a9fbb4
2026-02-11T09:20:32.914Z - POST /api/records/verify/698c47b8e03f05cc07a9fbb4
2026-02-11T09:20:35.815Z - GET /api/records/pending
2026-02-11T09:20:36.135Z - GET /api/records/pending
2026-02-11T09:20:37.366Z - GET /api/records/698c47b8e03f05cc07a9fbb4
2026-02-11T09:20:37.892Z - GET /api/records/698c47b8e03f05cc07a9fbb4
2026-02-11T09:20:37.903Z - GET /api/records/file/698c47b8e03f05cc07a9fbb4
2026-02-11T09:20:38.362Z - GET /api/records/file/698c47b8e03f05cc07a9fbb4
2026-02-11T09:20:51.751Z - POST /api/auth/check-email
2026-02-11T09:21:02.202Z - POST /api/auth/login
2026-02-11T09:21:02.799Z - GET /api/reputation/698c4747e03f05cc07a9fb8c
2026-02-11T09:21:02.804Z - GET /api/records/my
2026-02-11T09:21:02.810Z - GET /api/drives/student/eligible
2026-02-11T09:21:03.158Z - GET /api/records/my
2026-02-11T09:21:03.278Z - GET /api/reputation/698c4747e03f05cc07a9fb8c
2026-02-11T09:21:03.845Z - GET /api/drives/student/eligible
2026-02-11T09:21:23.782Z - GET /api/records/my
2026-02-11T09:21:24.097Z - GET /api/records/my
2026-02-11T09:21:29.800Z - GET /api/reputation/698c4747e03f05cc07a9fb8c
2026-02-11T09:21:29.806Z - GET /api/records/my
2026-02-11T09:21:29.813Z - GET /api/drives/student/eligible
2026-02-11T09:21:30.551Z - GET /api/records/my
2026-02-11T09:21:30.945Z - GET /api/drives/student/eligible
2026-02-11T09:21:31.875Z - GET /api/reputation/698c4747e03f05cc07a9fb8c
2026-02-11T09:21:48.527Z - GET /api/reputation/698c4747e03f05cc07a9fb8c
2026-02-11T09:21:48.533Z - GET /api/records/my
2026-02-11T09:21:48.539Z - GET /api/drives/student/eligible
2026-02-11T09:21:48.867Z - GET /api/reputation/698c4747e03f05cc07a9fb8c
2026-02-11T09:21:48.961Z - GET /api/records/my
2026-02-11T09:21:49.106Z - GET /api/drives/student/eligible
2026-02-11T09:22:15.147Z - POST /api/auth/check-email
2026-02-11T09:22:18.513Z - POST /api/auth/login
2026-02-11T09:22:19.264Z - GET /api/admin/stats
2026-02-11T09:22:20.905Z - GET /api/admin/stats
2026-02-11T09:22:24.771Z - GET /api/drives/admin/all
2026-02-11T09:25:20.276Z - POST /api/drives/create
2026-02-11T09:25:22.258Z - GET /api/drives/admin/all
2026-02-11T09:25:26.464Z - PATCH /api/drives/698c44f0e03f05cc07a9fb2b/status
2026-02-11T09:25:26.955Z - GET /api/drives/admin/all
2026-02-11T09:25:43.013Z - POST /api/auth/check-email
2026-02-11T09:25:46.333Z - POST /api/auth/login
2026-02-11T09:25:46.771Z - GET /api/reputation/698c4747e03f05cc07a9fb8c
2026-02-11T09:25:46.776Z - GET /api/records/my
2026-02-11T09:25:46.784Z - GET /api/drives/student/eligible
2026-02-11T09:25:47.093Z - GET /api/records/my
2026-02-11T09:25:47.141Z - GET /api/reputation/698c4747e03f05cc07a9fb8c
2026-02-11T09:25:47.488Z - GET /api/drives/student/eligible
2026-02-11T09:28:01.566Z - PATCH /api/users/profile
2026-02-11T09:28:02.073Z - GET /api/reputation/698c4747e03f05cc07a9fb8c
2026-02-11T09:28:02.077Z - GET /api/records/my
2026-02-11T09:28:02.080Z - GET /api/drives/student/eligible
2026-02-11T09:28:02.083Z - GET /api/records/my
2026-02-11T09:28:02.087Z - GET /api/drives/student/eligible
2026-02-11T09:28:02.397Z - GET /api/reputation/698c4747e03f05cc07a9fb8c
2026-02-11T09:28:08.399Z - GET /api/reputation/698c4747e03f05cc07a9fb8c
2026-02-11T09:28:08.403Z - GET /api/drives/student/eligible
2026-02-11T09:28:08.406Z - GET /api/records/my
2026-02-11T09:28:08.409Z - GET /api/drives/student/eligible
2026-02-11T09:28:08.412Z - GET /api/records/my
2026-02-11T09:28:09.215Z - GET /api/reputation/698c4747e03f05cc07a9fb8c
2026-02-11T09:28:19.002Z - POST /api/auth/check-email
2026-02-11T09:28:21.950Z - POST /api/auth/login
2026-02-11T09:28:22.369Z - GET /api/reputation/698c4747e03f05cc07a9fb8c
2026-02-11T09:28:22.375Z - GET /api/records/my
2026-02-11T09:28:22.383Z - GET /api/drives/student/eligible
2026-02-11T09:28:22.612Z - GET /api/records/my
2026-02-11T09:28:22.699Z - GET /api/reputation/698c4747e03f05cc07a9fb8c
2026-02-11T09:28:23.286Z - GET /api/drives/student/eligible
2026-02-11T09:29:10.350Z - PATCH /api/users/profile
2026-02-11T09:29:10.903Z - GET /api/reputation/698c4747e03f05cc07a9fb8c
2026-02-11T09:29:10.909Z - GET /api/drives/student/eligible
2026-02-11T09:29:10.915Z - GET /api/records/my
2026-02-11T09:29:10.923Z - GET /api/drives/student/eligible
2026-02-11T09:29:10.932Z - GET /api/records/my
2026-02-11T09:29:11.290Z - GET /api/reputation/698c4747e03f05cc07a9fb8c
2026-02-11T09:35:56.805Z - PATCH /api/users/profile
2026-02-11T09:36:04.842Z - GET /api/reputation/698c4747e03f05cc07a9fb8c
2026-02-11T09:36:04.847Z - GET /api/records/my
2026-02-11T09:36:04.850Z - GET /api/drives/student/eligible
2026-02-11T09:36:04.853Z - GET /api/records/my
2026-02-11T09:36:04.857Z - GET /api/drives/student/eligible
2026-02-11T09:36:05.382Z - GET /api/reputation/698c4747e03f05cc07a9fb8c
2026-02-11T09:36:21.425Z - POST /api/auth/check-email
2026-02-11T09:36:24.964Z - POST /api/auth/login
2026-02-11T09:36:25.418Z - GET /api/reputation/698c4747e03f05cc07a9fb8c
2026-02-11T09:36:25.423Z - GET /api/records/my
2026-02-11T09:36:25.428Z - GET /api/drives/student/eligible
2026-02-11T09:36:26.468Z - GET /api/drives/student/eligible
2026-02-11T09:36:26.812Z - GET /api/records/my
2026-02-11T09:36:27.771Z - GET /api/reputation/698c4747e03f05cc07a9fb8c
2026-02-11T09:36:57.226Z - POST /api/auth/check-email
2026-02-11T10:11:56.189Z - POST /api/auth/check-email
2026-02-11T10:12:06.808Z - POST /api/auth/login
2026-02-11T10:12:07.247Z - GET /api/reputation/698c4747e03f05cc07a9fb8c
2026-02-11T10:12:07.253Z - GET /api/records/my
2026-02-11T10:12:07.261Z - GET /api/drives/student/eligible
2026-02-11T10:12:07.943Z - GET /api/reputation/698c4747e03f05cc07a9fb8c
2026-02-11T10:12:08.751Z - GET /api/records/my
2026-02-11T10:12:10.855Z - GET /api/drives/student/eligible
2026-02-11T10:12:26.250Z - POST /api/auth/check-email
2026-02-11T10:12:33.223Z - GET /api/reputation/698c4747e03f05cc07a9fb8c
2026-02-11T10:12:33.228Z - GET /api/records/my
2026-02-11T10:12:33.234Z - GET /api/drives/student/eligible
2026-02-11T10:12:33.765Z - GET /api/reputation/698c4747e03f05cc07a9fb8c
2026-02-11T10:12:33.794Z - GET /api/records/my
2026-02-11T10:12:33.987Z - GET /api/drives/student/eligible
2026-02-11T10:12:53.149Z - POST /api/auth/check-email
2026-02-11T10:13:18.663Z - POST /api/auth/request-access
2026-02-11T10:13:24.058Z - POST /api/auth/check-email
2026-02-11T10:13:26.836Z - GET /api/reputation/698c4747e03f05cc07a9fb8c
2026-02-11T10:13:26.841Z - GET /api/records/my
2026-02-11T10:13:26.846Z - GET /api/drives/student/eligible
2026-02-11T10:13:27.379Z - GET /api/records/my
2026-02-11T10:13:27.473Z - GET /api/reputation/698c4747e03f05cc07a9fb8c
2026-02-11T10:13:27.703Z - GET /api/drives/student/eligible
2026-02-11T10:13:37.271Z - POST /api/auth/check-email
2026-02-11T10:13:42.331Z - POST /api/auth/login
2026-02-11T10:13:42.748Z - GET /api/admin/stats
2026-02-11T10:13:44.842Z - GET /api/admin/stats
2026-02-11T10:13:46.564Z - GET /api/admin/access-requests
2026-02-11T10:13:50.779Z - POST /api/admin/access-requests/698c563ee03f05cc07a9fd1e/approve
2026-02-11T10:13:52.004Z - POST /api/admin/access-requests/698c563ee03f05cc07a9fd1e/approve
2026-02-11T10:13:53.632Z - POST /api/admin/access-requests/698c563ee03f05cc07a9fd1e/approve
2026-02-11T10:13:54.117Z - GET /api/admin/access-requests
2026-02-11T10:13:54.121Z - GET /api/admin/stats
2026-02-11T10:14:02.393Z - GET /api/drives/admin/all
2026-02-11T10:14:06.450Z - GET /api/admin/whitelist
2026-02-12T03:24:17.853Z - POST /api/auth/check-email
2026-02-12T03:24:20.784Z - POST /api/auth/login
2026-02-12T03:24:21.197Z - GET /api/reputation/698c4747e03f05cc07a9fb8c
2026-02-12T03:24:21.205Z - GET /api/records/my
2026-02-12T03:24:21.219Z - GET /api/drives/student/eligible
2026-02-12T03:24:21.517Z - GET /api/records/my
2026-02-12T03:24:21.524Z - GET /api/reputation/698c4747e03f05cc07a9fb8c
2026-02-12T03:24:21.707Z - GET /api/drives/student/eligible
2026-02-12T03:26:42.268Z - GET /api/reputation/698c4747e03f05cc07a9fb8c
2026-02-12T03:26:42.282Z - GET /api/records/my
2026-02-12T03:26:42.289Z - GET /api/drives/student/eligible
2026-02-12T03:26:43.104Z - GET /api/reputation/698c4747e03f05cc07a9fb8c
2026-02-12T03:26:43.243Z - GET /api/records/my
2026-02-12T03:26:44.887Z - GET /api/drives/student/eligible
2026-02-12T03:27:06.359Z - POST /api/auth/check-email
2026-02-12T03:27:09.798Z - POST /api/auth/login
2026-02-12T03:27:10.203Z - GET /api/admin/stats
2026-02-12T03:27:12.337Z - GET /api/admin/stats
2026-02-12T03:27:36.268Z - GET /api/admin/whitelist
2026-02-12T03:28:02.028Z - GET /api/admin/access-requests
2026-02-12T03:28:04.463Z - GET /api/drives/admin/all
2026-02-12T03:28:38.559Z - GET /api/admin/stats
2026-02-12T03:28:41.563Z - GET /api/admin/stats
2026-02-12T03:29:00.242Z - POST /api/auth/check-email
2026-02-12T03:29:05.991Z - POST /api/auth/login
2026-02-12T03:29:33.701Z - POST /api/auth/check-email
2026-02-12T03:29:38.474Z - POST /api/auth/login
2026-02-12T03:31:51.708Z - POST /api/auth/check-email
2026-02-12T03:31:55.420Z - POST /api/auth/login
2026-02-12T03:33:05.783Z - POST /api/auth/check-email
2026-02-12T03:33:09.070Z - POST /api/auth/login
2026-02-12T03:33:11.030Z - GET /api/records/pending
2026-02-12T03:33:11.358Z - GET /api/records/pending
2026-02-12T03:33:11.364Z - GET /api/records/history
2026-02-12T03:33:13.198Z - GET /api/records/history
2026-02-12T03:33:16.509Z - GET /api/records/pending
2026-02-12T03:33:16.728Z - GET /api/records/pending
2026-02-12T03:33:17.750Z - GET /api/records/pending
2026-02-12T03:33:18.207Z - GET /api/records/pending
2026-02-12T03:33:18.213Z - GET /api/records/history
2026-02-12T03:33:18.741Z - GET /api/records/history
2026-02-12T03:33:21.804Z - GET /api/records/pending
2026-02-12T03:33:22.388Z - GET /api/records/pending
2026-02-12T03:33:22.844Z - GET /api/records/pending
2026-02-12T03:33:23.128Z - GET /api/records/pending
2026-02-12T03:33:23.132Z - GET /api/records/history
2026-02-12T03:33:24.154Z - GET /api/records/history
2026-02-12T03:40:34.842Z - POST /api/auth/check-email
2026-02-12T03:40:37.598Z - POST /api/auth/login
2026-02-12T03:40:37.922Z - GET /api/admin/stats
2026-02-12T03:40:39.602Z - GET /api/admin/stats
2026-02-12T03:42:51.429Z - GET /api/admin/whitelist
2026-02-12T03:44:06.558Z - GET /api/admin/access-requests
2026-02-12T03:44:10.376Z - GET /api/drives/admin/all
2026-02-12T03:44:22.992Z - GET /api/users
2026-02-12T03:44:33.532Z - GET /api/users
2026-02-12T03:54:21.965Z - GET /api/admin/stats
2026-02-12T03:54:23.143Z - GET /api/admin/stats
2026-02-12T03:55:12.319Z - GET /api/drives/admin/all
2026-02-12T03:56:23.569Z - POST /api/auth/check-email
2026-02-12T03:56:26.787Z - POST /api/auth/login
2026-02-12T03:56:27.108Z - GET /api/reputation/698c4747e03f05cc07a9fb8c
2026-02-12T03:56:27.112Z - GET /api/records/my
2026-02-12T03:56:27.119Z - GET /api/drives/student/eligible
2026-02-12T03:56:27.321Z - GET /api/reputation/698c4747e03f05cc07a9fb8c
2026-02-12T03:56:27.328Z - GET /api/records/my
2026-02-12T03:56:27.506Z - GET /api/drives/student/eligible
2026-02-12T04:22:04.784Z - POST /api/auth/check-email
2026-02-12T04:22:14.614Z - POST /api/auth/setup-password
2026-02-12T04:23:32.870Z - GET /api/drives/recruiter/my
2026-02-12T04:23:32.880Z - GET /api/drives/recruiter/applications
2026-02-12T04:23:33.047Z - GET /api/drives/recruiter/my
2026-02-12T04:23:33.140Z - GET /api/drives/recruiter/applications
2026-02-12T04:23:49.447Z - POST /api/auth/check-email
2026-02-12T04:23:53.036Z - POST /api/auth/login
2026-02-12T04:23:53.373Z - GET /api/drives/recruiter/my
2026-02-12T04:23:53.379Z - GET /api/drives/recruiter/applications
2026-02-12T04:23:54.018Z - GET /api/drives/recruiter/my
2026-02-12T04:23:54.083Z - GET /api/drives/recruiter/applications
2026-02-12T04:24:24.307Z - GET /api/reputation/search?email=student1%40uni.edu&university=Not+set&year=&minScore=5&department=Not+set
2026-02-12T04:24:30.749Z - GET /api/drives/recruiter/my
2026-02-12T04:24:30.757Z - GET /api/drives/recruiter/applications
2026-03-05T04:02:40.193Z - POST /api/auth/check-email
2026-03-05T04:02:43.290Z - POST /api/auth/login
2026-03-05T04:02:43.608Z - GET /api/admin/stats
2026-03-05T04:02:44.725Z - GET /api/admin/stats
2026-03-05T04:02:49.728Z - GET /api/users
2026-03-05T04:02:49.968Z - GET /api/users
2026-03-05T04:02:54.239Z - GET /api/admin/stats
2026-03-05T04:02:56.363Z - GET /api/admin/access-requests
2026-03-05T04:02:56.711Z - GET /api/admin/stats
2026-03-05T04:02:57.717Z - GET /api/drives/admin/all
2026-03-05T04:03:14.474Z - POST /api/auth/check-email
2026-03-05T04:03:17.842Z - POST /api/auth/login
2026-03-05T04:03:18.181Z - GET /api/reputation/698c4747e03f05cc07a9fb8c
2026-03-05T04:03:18.186Z - GET /api/records/my
2026-03-05T04:03:18.192Z - GET /api/drives/student/eligible
2026-03-05T04:03:18.749Z - GET /api/records/my
2026-03-05T04:03:18.756Z - GET /api/reputation/698c4747e03f05cc07a9fb8c
2026-03-05T04:03:18.858Z - GET /api/drives/student/eligible
2026-03-05T05:42:22.874Z - GET /api/reputation/698c4747e03f05cc07a9fb8c
2026-03-05T05:42:22.883Z - GET /api/records/my
2026-03-05T05:42:22.889Z - GET /api/drives/student/eligible
2026-03-05T05:42:23.808Z - GET /api/records/my
2026-03-05T05:42:23.824Z - GET /api/reputation/698c4747e03f05cc07a9fb8c
2026-03-05T05:42:24.058Z - GET /api/drives/student/eligible
